 
 -------------- celery@DESKTOP-UOKK6T4 v5.6.0 (recovery)
--- ***** ----- 
-- ******* ---- Windows-11-10.0.26200-SP0 2025-12-27 17:49:04
- *** --- * --- 
- ** ---------- [config]
- ** ---------- .> app:         core:0x4b1d430
- ** ---------- .> transport:   redis://localhost:6379/1
- ** ---------- .> results:     redis://localhost:6379/1
- *** --- * --- .> concurrency: 8 (prefork)
-- ******* ---- .> task events: OFF (enable -E to monitor tasks in this worker)
--- ***** ----- 
 -------------- [queues]
                .> celery           exchange=celery(direct) key=celery
                

[tasks]
  . game.tasks.check_timeout
  . game.tasks.cleanup_stale_queues
  . game.tasks.find_match
  . game.tasks.leave_queue

[2025-12-27 17:49:06,947: INFO/SpawnPoolWorker-4] child process 21852 calling self.run()
[2025-12-27 17:49:06,948: INFO/SpawnPoolWorker-1] child process 20052 calling self.run()
[2025-12-27 17:49:06,984: INFO/SpawnPoolWorker-2] child process 18472 calling self.run()
[2025-12-27 17:49:06,998: INFO/SpawnPoolWorker-7] child process 16812 calling self.run()
[2025-12-27 17:49:07,061: INFO/SpawnPoolWorker-5] child process 21456 calling self.run()
[2025-12-27 17:49:07,063: INFO/SpawnPoolWorker-6] child process 22476 calling self.run()
[2025-12-27 17:49:07,086: INFO/SpawnPoolWorker-3] child process 8136 calling self.run()
[2025-12-27 17:49:07,089: INFO/SpawnPoolWorker-8] child process 8144 calling self.run()
[2025-12-27 17:49:07,213: INFO/MainProcess] Connected to redis://localhost:6379/1
[2025-12-27 17:49:11,274: INFO/MainProcess] mingle: searching for neighbors
[2025-12-27 17:49:19,056: INFO/MainProcess] mingle: all alone
[2025-12-27 17:49:27,302: INFO/MainProcess] celery@DESKTOP-UOKK6T4 ready.
[2025-12-27 17:49:27,398: INFO/MainProcess] Task game.tasks.cleanup_stale_queues[3ba1a371-45b9-45ed-bf42-89b32e3027ae] received
[2025-12-27 17:49:27,402: INFO/MainProcess] Task game.tasks.cleanup_stale_queues[24d2298a-4bb0-4e64-8021-386c9039011c] received
[2025-12-27 17:49:27,406: INFO/MainProcess] Task game.tasks.cleanup_stale_queues[c838d178-ccd7-4118-9d65-b2b082a207d8] received
[2025-12-27 17:49:27,410: INFO/MainProcess] Task game.tasks.cleanup_stale_queues[22844b9d-86df-4fc2-85d8-1b066710b57b] received
[2025-12-27 17:49:27,413: INFO/MainProcess] Task game.tasks.cleanup_stale_queues[68684894-be4b-496e-84b7-5841a5753662] received
[2025-12-27 17:49:27,416: INFO/MainProcess] Task game.tasks.cleanup_stale_queues[e5c66a61-29dd-49ea-9437-1f41cf1e4f93] received
[2025-12-27 17:49:27,418: INFO/MainProcess] Task game.tasks.cleanup_stale_queues[7eb2f0b0-3c5f-45f8-bad3-f11bc9cd7d9a] received
[2025-12-27 17:49:27,420: INFO/MainProcess] Task game.tasks.cleanup_stale_queues[188664f9-dcf8-4783-920b-3231f7b63a84] received
[2025-12-27 17:49:27,422: INFO/MainProcess] Task game.tasks.cleanup_stale_queues[301167bd-b12d-4e01-89a2-a274b60cf8a9] received
[2025-12-27 17:49:27,400: ERROR/SpawnPoolWorker-6] Pool process <billiard.pool.Worker object at 0x0000000004BAD580> error: PermissionError(13, 'Access is denied', None, 5, None)
Traceback (most recent call last):
  File "D:\python\chess coding\server\.venv\Lib\site-packages\billiard\pool.py", line 473, in receive
    ready, req = _receive(1.0)
                 ^^^^^^^^^^^^^
  File "D:\python\chess coding\server\.venv\Lib\site-packages\billiard\pool.py", line 445, in _recv
    return True, loads(get_payload())
                       ^^^^^^^^^^^^^
  File "D:\python\chess coding\server\.venv\Lib\site-packages\billiard\queues.py", line 394, in get_payload
    with self._rlock:
  File "D:\python\chess coding\server\.venv\Lib\site-packages\billiard\synchronize.py", line 118, in __exit__
    return self._semlock.__exit__(*args)
           ^^^^^^^^^^^^^^^^^^^^^^^^^^^^^
OSError: [WinError 6] The handle is invalid

During handling of the above exception, another exception occurred:

Traceback (most recent call last):
  File "D:\python\chess coding\server\.venv\Lib\site-packages\billiard\pool.py", line 351, in workloop
    req = wait_for_job()
          ^^^^^^^^^^^^^^
  File "D:\python\chess coding\server\.venv\Lib\site-packages\billiard\pool.py", line 480, in receive
    raise SystemExit(EX_FAILURE)
SystemExit: 1

During handling of the above exception, another exception occurred:

Traceback (most recent call last):
  File "D:\python\chess coding\server\.venv\Lib\site-packages\billiard\pool.py", line 292, in __call__
    sys.exit(self.workloop(pid=pid))
             ^^^^^^^^^^^^^^^^^^^^^^
  File "D:\python\chess coding\server\.venv\Lib\site-packages\billiard\pool.py", line 396, in workloop
    self._ensure_messages_consumed(completed=completed)
  File "D:\python\chess coding\server\.venv\Lib\site-packages\billiard\pool.py", line 406, in _ensure_messages_consumed
    if self.on_ready_counter.value >= completed:
       ^^^^^^^^^^^^^^^^^^^^^^^^^^^
  File "<string>", line 3, in getvalue
PermissionError: [WinError 5] Access is denied
[2025-12-27 17:49:27,400: ERROR/SpawnPoolWorker-6] Pool process <billiard.pool.Worker object at 0x0000000004BAD580> error: PermissionError(13, 'Access is denied', None, 5, None)
Traceback (most recent call last):
  File "D:\python\chess coding\server\.venv\Lib\site-packages\billiard\pool.py", line 473, in receive
    ready, req = _receive(1.0)
                 ^^^^^^^^^^^^^
  File "D:\python\chess coding\server\.venv\Lib\site-packages\billiard\pool.py", line 445, in _recv
    return True, loads(get_payload())
                       ^^^^^^^^^^^^^
  File "D:\python\chess coding\server\.venv\Lib\site-packages\billiard\queues.py", line 394, in get_payload
    with self._rlock:
  File "D:\python\chess coding\server\.venv\Lib\site-packages\billiard\synchronize.py", line 118, in __exit__
    return self._semlock.__exit__(*args)
           ^^^^^^^^^^^^^^^^^^^^^^^^^^^^^
OSError: [WinError 6] The handle is invalid

During handling of the above exception, another exception occurred:

Traceback (most recent call last):
  File "D:\python\chess coding\server\.venv\Lib\site-packages\billiard\pool.py", line 351, in workloop
    req = wait_for_job()
          ^^^^^^^^^^^^^^
  File "D:\python\chess coding\server\.venv\Lib\site-packages\billiard\pool.py", line 480, in receive
    raise SystemExit(EX_FAILURE)
SystemExit: 1

During handling of the above exception, another exception occurred:

Traceback (most recent call last):
  File "D:\python\chess coding\server\.venv\Lib\site-packages\billiard\pool.py", line 292, in __call__
    sys.exit(self.workloop(pid=pid))
             ^^^^^^^^^^^^^^^^^^^^^^
  File "D:\python\chess coding\server\.venv\Lib\site-packages\billiard\pool.py", line 396, in workloop
    self._ensure_messages_consumed(completed=completed)
  File "D:\python\chess coding\server\.venv\Lib\site-packages\billiard\pool.py", line 406, in _ensure_messages_consumed
    if self.on_ready_counter.value >= completed:
       ^^^^^^^^^^^^^^^^^^^^^^^^^^^
  File "<string>", line 3, in getvalue
PermissionError: [WinError 5] Access is denied
[2025-12-27 17:49:27,404: ERROR/SpawnPoolWorker-4] Pool process <billiard.pool.Worker object at 0x00000000043CD700> error: PermissionError(13, 'Access is denied', None, 5, None)
Traceback (most recent call last):
  File "D:\python\chess coding\server\.venv\Lib\site-packages\billiard\queues.py", line 395, in get_payload
    return self._reader.recv_bytes()
           ^^^^^^^^^^^^^^^^^^^^^^^^^
  File "D:\python\chess coding\server\.venv\Lib\site-packages\billiard\connection.py", line 240, in recv_bytes
    buf = self._recv_bytes(maxlength)
          ^^^^^^^^^^^^^^^^^^^^^^^^^^^
  File "D:\python\chess coding\server\.venv\Lib\site-packages\billiard\connection.py", line 353, in _recv_bytes
    result = self._get_more_data(ov, maxsize)
             ^^^^^^^^^^^^^^^^^^^^^^^^^^^^^^^^
  File "D:\python\chess coding\server\.venv\Lib\site-packages\billiard\connection.py", line 382, in _get_more_data
    assert err == 0
           ^^^^^^^^
AssertionError

During handling of the above exception, another exception occurred:

Traceback (most recent call last):
  File "D:\python\chess coding\server\.venv\Lib\site-packages\billiard\pool.py", line 473, in receive
    ready, req = _receive(1.0)
                 ^^^^^^^^^^^^^
  File "D:\python\chess coding\server\.venv\Lib\site-packages\billiard\pool.py", line 445, in _recv
    return True, loads(get_payload())
                       ^^^^^^^^^^^^^
  File "D:\python\chess coding\server\.venv\Lib\site-packages\billiard\queues.py", line 394, in get_payload
    with self._rlock:
  File "D:\python\chess coding\server\.venv\Lib\site-packages\billiard\synchronize.py", line 118, in __exit__
    return self._semlock.__exit__(*args)
           ^^^^^^^^^^^^^^^^^^^^^^^^^^^^^
OSError: [WinError 6] The handle is invalid

During handling of the above exception, another exception occurred:

Traceback (most recent call last):
  File "D:\python\chess coding\server\.venv\Lib\site-packages\billiard\pool.py", line 351, in workloop
    req = wait_for_job()
          ^^^^^^^^^^^^^^
  File "D:\python\chess coding\server\.venv\Lib\site-packages\billiard\pool.py", line 480, in receive
    raise SystemExit(EX_FAILURE)
SystemExit: 1

During handling of the above exception, another exception occurred:

Traceback (most recent call last):
  File "D:\python\chess coding\server\.venv\Lib\site-packages\billiard\pool.py", line 292, in __call__
    sys.exit(self.workloop(pid=pid))
             ^^^^^^^^^^^^^^^^^^^^^^
  File "D:\python\chess coding\server\.venv\Lib\site-packages\billiard\pool.py", line 396, in workloop
    self._ensure_messages_consumed(completed=completed)
  File "D:\python\chess coding\server\.venv\Lib\site-packages\billiard\pool.py", line 406, in _ensure_messages_consumed
    if self.on_ready_counter.value >= completed:
       ^^^^^^^^^^^^^^^^^^^^^^^^^^^
  File "<string>", line 3, in getvalue
PermissionError: [WinError 5] Access is denied
[2025-12-27 17:49:27,404: ERROR/SpawnPoolWorker-4] Pool process <billiard.pool.Worker object at 0x00000000043CD700> error: PermissionError(13, 'Access is denied', None, 5, None)
Traceback (most recent call last):
  File "D:\python\chess coding\server\.venv\Lib\site-packages\billiard\queues.py", line 395, in get_payload
    return self._reader.recv_bytes()
           ^^^^^^^^^^^^^^^^^^^^^^^^^
  File "D:\python\chess coding\server\.venv\Lib\site-packages\billiard\connection.py", line 240, in recv_bytes
    buf = self._recv_bytes(maxlength)
          ^^^^^^^^^^^^^^^^^^^^^^^^^^^
  File "D:\python\chess coding\server\.venv\Lib\site-packages\billiard\connection.py", line 353, in _recv_bytes
    result = self._get_more_data(ov, maxsize)
             ^^^^^^^^^^^^^^^^^^^^^^^^^^^^^^^^
  File "D:\python\chess coding\server\.venv\Lib\site-packages\billiard\connection.py", line 382, in _get_more_data
    assert err == 0
           ^^^^^^^^
AssertionError

During handling of the above exception, another exception occurred:

Traceback (most recent call last):
  File "D:\python\chess coding\server\.venv\Lib\site-packages\billiard\pool.py", line 473, in receive
    ready, req = _receive(1.0)
                 ^^^^^^^^^^^^^
  File "D:\python\chess coding\server\.venv\Lib\site-packages\billiard\pool.py", line 445, in _recv
    return True, loads(get_payload())
                       ^^^^^^^^^^^^^
  File "D:\python\chess coding\server\.venv\Lib\site-packages\billiard\queues.py", line 394, in get_payload
    with self._rlock:
  File "D:\python\chess coding\server\.venv\Lib\site-packages\billiard\synchronize.py", line 118, in __exit__
    return self._semlock.__exit__(*args)
           ^^^^^^^^^^^^^^^^^^^^^^^^^^^^^
OSError: [WinError 6] The handle is invalid

During handling of the above exception, another exception occurred:

Traceback (most recent call last):
  File "D:\python\chess coding\server\.venv\Lib\site-packages\billiard\pool.py", line 351, in workloop
    req = wait_for_job()
          ^^^^^^^^^^^^^^
  File "D:\python\chess coding\server\.venv\Lib\site-packages\billiard\pool.py", line 480, in receive
    raise SystemExit(EX_FAILURE)
SystemExit: 1

During handling of the above exception, another exception occurred:

Traceback (most recent call last):
  File "D:\python\chess coding\server\.venv\Lib\site-packages\billiard\pool.py", line 292, in __call__
    sys.exit(self.workloop(pid=pid))
             ^^^^^^^^^^^^^^^^^^^^^^
  File "D:\python\chess coding\server\.venv\Lib\site-packages\billiard\pool.py", line 396, in workloop
    self._ensure_messages_consumed(completed=completed)
  File "D:\python\chess coding\server\.venv\Lib\site-packages\billiard\pool.py", line 406, in _ensure_messages_consumed
    if self.on_ready_counter.value >= completed:
       ^^^^^^^^^^^^^^^^^^^^^^^^^^^
  File "<string>", line 3, in getvalue
PermissionError: [WinError 5] Access is denied
[2025-12-27 17:49:27,404: ERROR/SpawnPoolWorker-8] Pool process <billiard.pool.Worker object at 0x00000000045B5F40> error: PermissionError(13, 'Access is denied', None, 5, None)
Traceback (most recent call last):
  File "D:\python\chess coding\server\.venv\Lib\site-packages\billiard\queues.py", line 395, in get_payload
    return self._reader.recv_bytes()
           ^^^^^^^^^^^^^^^^^^^^^^^^^
  File "D:\python\chess coding\server\.venv\Lib\site-packages\billiard\connection.py", line 240, in recv_bytes
    buf = self._recv_bytes(maxlength)
          ^^^^^^^^^^^^^^^^^^^^^^^^^^^
  File "D:\python\chess coding\server\.venv\Lib\site-packages\billiard\connection.py", line 353, in _recv_bytes
    result = self._get_more_data(ov, maxsize)
             ^^^^^^^^^^^^^^^^^^^^^^^^^^^^^^^^
  File "D:\python\chess coding\server\.venv\Lib\site-packages\billiard\connection.py", line 382, in _get_more_data
    assert err == 0
           ^^^^^^^^
AssertionError

During handling of the above exception, another exception occurred:

Traceback (most recent call last):
  File "D:\python\chess coding\server\.venv\Lib\site-packages\billiard\pool.py", line 473, in receive
    ready, req = _receive(1.0)
                 ^^^^^^^^^^^^^
  File "D:\python\chess coding\server\.venv\Lib\site-packages\billiard\pool.py", line 445, in _recv
    return True, loads(get_payload())
                       ^^^^^^^^^^^^^
  File "D:\python\chess coding\server\.venv\Lib\site-packages\billiard\queues.py", line 394, in get_payload
    with self._rlock:
  File "D:\python\chess coding\server\.venv\Lib\site-packages\billiard\synchronize.py", line 118, in __exit__
    return self._semlock.__exit__(*args)
           ^^^^^^^^^^^^^^^^^^^^^^^^^^^^^
OSError: [WinError 6] The handle is invalid

During handling of the above exception, another exception occurred:

Traceback (most recent call last):
  File "D:\python\chess coding\server\.venv\Lib\site-packages\billiard\pool.py", line 351, in workloop
    req = wait_for_job()
          ^^^^^^^^^^^^^^
  File "D:\python\chess coding\server\.venv\Lib\site-packages\billiard\pool.py", line 480, in receive
    raise SystemExit(EX_FAILURE)
SystemExit: 1

During handling of the above exception, another exception occurred:

Traceback (most recent call last):
  File "D:\python\chess coding\server\.venv\Lib\site-packages\billiard\pool.py", line 292, in __call__
    sys.exit(self.workloop(pid=pid))
             ^^^^^^^^^^^^^^^^^^^^^^
  File "D:\python\chess coding\server\.venv\Lib\site-packages\billiard\pool.py", line 396, in workloop
    self._ensure_messages_consumed(completed=completed)
  File "D:\python\chess coding\server\.venv\Lib\site-packages\billiard\pool.py", line 406, in _ensure_messages_consumed
    if self.on_ready_counter.value >= completed:
       ^^^^^^^^^^^^^^^^^^^^^^^^^^^
  File "<string>", line 3, in getvalue
PermissionError: [WinError 5] Access is denied
[2025-12-27 17:49:27,408: ERROR/SpawnPoolWorker-7] Pool process <billiard.pool.Worker object at 0x00000000044FD700> error: OSError(9, 'The handle is invalid', None, 6, None)
Traceback (most recent call last):
  File "D:\python\chess coding\server\.venv\Lib\site-packages\billiard\queues.py", line 395, in get_payload
    return self._reader.recv_bytes()
           ^^^^^^^^^^^^^^^^^^^^^^^^^
  File "D:\python\chess coding\server\.venv\Lib\site-packages\billiard\connection.py", line 240, in recv_bytes
    buf = self._recv_bytes(maxlength)
          ^^^^^^^^^^^^^^^^^^^^^^^^^^^
  File "D:\python\chess coding\server\.venv\Lib\site-packages\billiard\connection.py", line 353, in _recv_bytes
    result = self._get_more_data(ov, maxsize)
             ^^^^^^^^^^^^^^^^^^^^^^^^^^^^^^^^
  File "D:\python\chess coding\server\.venv\Lib\site-packages\billiard\connection.py", line 382, in _get_more_data
    assert err == 0
           ^^^^^^^^
AssertionError

During handling of the above exception, another exception occurred:

Traceback (most recent call last):
  File "D:\python\chess coding\server\.venv\Lib\site-packages\billiard\pool.py", line 473, in receive
    ready, req = _receive(1.0)
                 ^^^^^^^^^^^^^
  File "D:\python\chess coding\server\.venv\Lib\site-packages\billiard\pool.py", line 445, in _recv
    return True, loads(get_payload())
                       ^^^^^^^^^^^^^
  File "D:\python\chess coding\server\.venv\Lib\site-packages\billiard\queues.py", line 394, in get_payload
    with self._rlock:
  File "D:\python\chess coding\server\.venv\Lib\site-packages\billiard\synchronize.py", line 118, in __exit__
    return self._semlock.__exit__(*args)
           ^^^^^^^^^^^^^^^^^^^^^^^^^^^^^
OSError: [WinError 6] The handle is invalid

During handling of the above exception, another exception occurred:

Traceback (most recent call last):
  File "D:\python\chess coding\server\.venv\Lib\site-packages\billiard\pool.py", line 351, in workloop
    req = wait_for_job()
          ^^^^^^^^^^^^^^
  File "D:\python\chess coding\server\.venv\Lib\site-packages\billiard\pool.py", line 480, in receive
    raise SystemExit(EX_FAILURE)
SystemExit: 1

During handling of the above exception, another exception occurred:

Traceback (most recent call last):
  File "D:\python\chess coding\server\.venv\Lib\site-packages\billiard\pool.py", line 292, in __call__
    sys.exit(self.workloop(pid=pid))
             ^^^^^^^^^^^^^^^^^^^^^^
  File "D:\python\chess coding\server\.venv\Lib\site-packages\billiard\pool.py", line 396, in workloop
    self._ensure_messages_consumed(completed=completed)
  File "D:\python\chess coding\server\.venv\Lib\site-packages\billiard\pool.py", line 406, in _ensure_messages_consumed
    if self.on_ready_counter.value >= completed:
       ^^^^^^^^^^^^^^^^^^^^^^^^^^^
  File "<string>", line 7, in getvalue
OSError: [WinError 6] The handle is invalid
[2025-12-27 17:49:27,404: ERROR/SpawnPoolWorker-3] Pool process <billiard.pool.Worker object at 0x0000000004BCD6D0> error: PermissionError(13, 'Access is denied', None, 5, None)
Traceback (most recent call last):
  File "D:\python\chess coding\server\.venv\Lib\site-packages\billiard\queues.py", line 395, in get_payload
    return self._reader.recv_bytes()
           ^^^^^^^^^^^^^^^^^^^^^^^^^
  File "D:\python\chess coding\server\.venv\Lib\site-packages\billiard\connection.py", line 240, in recv_bytes
    buf = self._recv_bytes(maxlength)
          ^^^^^^^^^^^^^^^^^^^^^^^^^^^
  File "D:\python\chess coding\server\.venv\Lib\site-packages\billiard\connection.py", line 353, in _recv_bytes
    result = self._get_more_data(ov, maxsize)
             ^^^^^^^^^^^^^^^^^^^^^^^^^^^^^^^^
  File "D:\python\chess coding\server\.venv\Lib\site-packages\billiard\connection.py", line 383, in _get_more_data
    assert rbytes == left
           ^^^^^^^^^^^^^^
AssertionError

During handling of the above exception, another exception occurred:

Traceback (most recent call last):
  File "D:\python\chess coding\server\.venv\Lib\site-packages\billiard\pool.py", line 473, in receive
    ready, req = _receive(1.0)
                 ^^^^^^^^^^^^^
  File "D:\python\chess coding\server\.venv\Lib\site-packages\billiard\pool.py", line 445, in _recv
    return True, loads(get_payload())
                       ^^^^^^^^^^^^^
  File "D:\python\chess coding\server\.venv\Lib\site-packages\billiard\queues.py", line 394, in get_payload
    with self._rlock:
  File "D:\python\chess coding\server\.venv\Lib\site-packages\billiard\synchronize.py", line 118, in __exit__
    return self._semlock.__exit__(*args)
           ^^^^^^^^^^^^^^^^^^^^^^^^^^^^^
OSError: [WinError 6] The handle is invalid

During handling of the above exception, another exception occurred:

Traceback (most recent call last):
  File "D:\python\chess coding\server\.venv\Lib\site-packages\billiard\pool.py", line 351, in workloop
    req = wait_for_job()
          ^^^^^^^^^^^^^^
  File "D:\python\chess coding\server\.venv\Lib\site-packages\billiard\pool.py", line 480, in receive
    raise SystemExit(EX_FAILURE)
SystemExit: 1

During handling of the above exception, another exception occurred:

Traceback (most recent call last):
  File "D:\python\chess coding\server\.venv\Lib\site-packages\billiard\pool.py", line 292, in __call__
    sys.exit(self.workloop(pid=pid))
             ^^^^^^^^^^^^^^^^^^^^^^
  File "D:\python\chess coding\server\.venv\Lib\site-packages\billiard\pool.py", line 396, in workloop
    self._ensure_messages_consumed(completed=completed)
  File "D:\python\chess coding\server\.venv\Lib\site-packages\billiard\pool.py", line 406, in _ensure_messages_consumed
    if self.on_ready_counter.value >= completed:
       ^^^^^^^^^^^^^^^^^^^^^^^^^^^
  File "<string>", line 3, in getvalue
PermissionError: [WinError 5] Access is denied
[2025-12-27 17:49:27,404: ERROR/SpawnPoolWorker-8] Pool process <billiard.pool.Worker object at 0x00000000045B5F40> error: PermissionError(13, 'Access is denied', None, 5, None)
Traceback (most recent call last):
  File "D:\python\chess coding\server\.venv\Lib\site-packages\billiard\queues.py", line 395, in get_payload
    return self._reader.recv_bytes()
           ^^^^^^^^^^^^^^^^^^^^^^^^^
  File "D:\python\chess coding\server\.venv\Lib\site-packages\billiard\connection.py", line 240, in recv_bytes
    buf = self._recv_bytes(maxlength)
          ^^^^^^^^^^^^^^^^^^^^^^^^^^^
  File "D:\python\chess coding\server\.venv\Lib\site-packages\billiard\connection.py", line 353, in _recv_bytes
    result = self._get_more_data(ov, maxsize)
             ^^^^^^^^^^^^^^^^^^^^^^^^^^^^^^^^
  File "D:\python\chess coding\server\.venv\Lib\site-packages\billiard\connection.py", line 382, in _get_more_data
    assert err == 0
           ^^^^^^^^
AssertionError

During handling of the above exception, another exception occurred:

Traceback (most recent call last):
  File "D:\python\chess coding\server\.venv\Lib\site-packages\billiard\pool.py", line 473, in receive
    ready, req = _receive(1.0)
                 ^^^^^^^^^^^^^
  File "D:\python\chess coding\server\.venv\Lib\site-packages\billiard\pool.py", line 445, in _recv
    return True, loads(get_payload())
                       ^^^^^^^^^^^^^
  File "D:\python\chess coding\server\.venv\Lib\site-packages\billiard\queues.py", line 394, in get_payload
    with self._rlock:
  File "D:\python\chess coding\server\.venv\Lib\site-packages\billiard\synchronize.py", line 118, in __exit__
    return self._semlock.__exit__(*args)
           ^^^^^^^^^^^^^^^^^^^^^^^^^^^^^
OSError: [WinError 6] The handle is invalid

During handling of the above exception, another exception occurred:

Traceback (most recent call last):
  File "D:\python\chess coding\server\.venv\Lib\site-packages\billiard\pool.py", line 351, in workloop
    req = wait_for_job()
          ^^^^^^^^^^^^^^
  File "D:\python\chess coding\server\.venv\Lib\site-packages\billiard\pool.py", line 480, in receive
    raise SystemExit(EX_FAILURE)
SystemExit: 1

During handling of the above exception, another exception occurred:

Traceback (most recent call last):
  File "D:\python\chess coding\server\.venv\Lib\site-packages\billiard\pool.py", line 292, in __call__
    sys.exit(self.workloop(pid=pid))
             ^^^^^^^^^^^^^^^^^^^^^^
  File "D:\python\chess coding\server\.venv\Lib\site-packages\billiard\pool.py", line 396, in workloop
    self._ensure_messages_consumed(completed=completed)
  File "D:\python\chess coding\server\.venv\Lib\site-packages\billiard\pool.py", line 406, in _ensure_messages_consumed
    if self.on_ready_counter.value >= completed:
       ^^^^^^^^^^^^^^^^^^^^^^^^^^^
  File "<string>", line 3, in getvalue
PermissionError: [WinError 5] Access is denied
[2025-12-27 17:49:27,408: ERROR/SpawnPoolWorker-7] Pool process <billiard.pool.Worker object at 0x00000000044FD700> error: OSError(9, 'The handle is invalid', None, 6, None)
Traceback (most recent call last):
  File "D:\python\chess coding\server\.venv\Lib\site-packages\billiard\queues.py", line 395, in get_payload
    return self._reader.recv_bytes()
           ^^^^^^^^^^^^^^^^^^^^^^^^^
  File "D:\python\chess coding\server\.venv\Lib\site-packages\billiard\connection.py", line 240, in recv_bytes
    buf = self._recv_bytes(maxlength)
          ^^^^^^^^^^^^^^^^^^^^^^^^^^^
  File "D:\python\chess coding\server\.venv\Lib\site-packages\billiard\connection.py", line 353, in _recv_bytes
    result = self._get_more_data(ov, maxsize)
             ^^^^^^^^^^^^^^^^^^^^^^^^^^^^^^^^
  File "D:\python\chess coding\server\.venv\Lib\site-packages\billiard\connection.py", line 382, in _get_more_data
    assert err == 0
           ^^^^^^^^
AssertionError

During handling of the above exception, another exception occurred:

Traceback (most recent call last):
  File "D:\python\chess coding\server\.venv\Lib\site-packages\billiard\pool.py", line 473, in receive
    ready, req = _receive(1.0)
                 ^^^^^^^^^^^^^
  File "D:\python\chess coding\server\.venv\Lib\site-packages\billiard\pool.py", line 445, in _recv
    return True, loads(get_payload())
                       ^^^^^^^^^^^^^
  File "D:\python\chess coding\server\.venv\Lib\site-packages\billiard\queues.py", line 394, in get_payload
    with self._rlock:
  File "D:\python\chess coding\server\.venv\Lib\site-packages\billiard\synchronize.py", line 118, in __exit__
    return self._semlock.__exit__(*args)
           ^^^^^^^^^^^^^^^^^^^^^^^^^^^^^
OSError: [WinError 6] The handle is invalid

During handling of the above exception, another exception occurred:

Traceback (most recent call last):
  File "D:\python\chess coding\server\.venv\Lib\site-packages\billiard\pool.py", line 351, in workloop
    req = wait_for_job()
          ^^^^^^^^^^^^^^
  File "D:\python\chess coding\server\.venv\Lib\site-packages\billiard\pool.py", line 480, in receive
    raise SystemExit(EX_FAILURE)
SystemExit: 1

During handling of the above exception, another exception occurred:

Traceback (most recent call last):
  File "D:\python\chess coding\server\.venv\Lib\site-packages\billiard\pool.py", line 292, in __call__
    sys.exit(self.workloop(pid=pid))
             ^^^^^^^^^^^^^^^^^^^^^^
  File "D:\python\chess coding\server\.venv\Lib\site-packages\billiard\pool.py", line 396, in workloop
    self._ensure_messages_consumed(completed=completed)
  File "D:\python\chess coding\server\.venv\Lib\site-packages\billiard\pool.py", line 406, in _ensure_messages_consumed
    if self.on_ready_counter.value >= completed:
       ^^^^^^^^^^^^^^^^^^^^^^^^^^^
  File "<string>", line 7, in getvalue
OSError: [WinError 6] The handle is invalid
[2025-12-27 17:49:27,404: ERROR/SpawnPoolWorker-3] Pool process <billiard.pool.Worker object at 0x0000000004BCD6D0> error: PermissionError(13, 'Access is denied', None, 5, None)
Traceback (most recent call last):
  File "D:\python\chess coding\server\.venv\Lib\site-packages\billiard\queues.py", line 395, in get_payload
    return self._reader.recv_bytes()
           ^^^^^^^^^^^^^^^^^^^^^^^^^
  File "D:\python\chess coding\server\.venv\Lib\site-packages\billiard\connection.py", line 240, in recv_bytes
    buf = self._recv_bytes(maxlength)
          ^^^^^^^^^^^^^^^^^^^^^^^^^^^
  File "D:\python\chess coding\server\.venv\Lib\site-packages\billiard\connection.py", line 353, in _recv_bytes
    result = self._get_more_data(ov, maxsize)
             ^^^^^^^^^^^^^^^^^^^^^^^^^^^^^^^^
  File "D:\python\chess coding\server\.venv\Lib\site-packages\billiard\connection.py", line 383, in _get_more_data
    assert rbytes == left
           ^^^^^^^^^^^^^^
AssertionError

During handling of the above exception, another exception occurred:

Traceback (most recent call last):
  File "D:\python\chess coding\server\.venv\Lib\site-packages\billiard\pool.py", line 473, in receive
    ready, req = _receive(1.0)
                 ^^^^^^^^^^^^^
  File "D:\python\chess coding\server\.venv\Lib\site-packages\billiard\pool.py", line 445, in _recv
    return True, loads(get_payload())
                       ^^^^^^^^^^^^^
  File "D:\python\chess coding\server\.venv\Lib\site-packages\billiard\queues.py", line 394, in get_payload
    with self._rlock:
  File "D:\python\chess coding\server\.venv\Lib\site-packages\billiard\synchronize.py", line 118, in __exit__
    return self._semlock.__exit__(*args)
           ^^^^^^^^^^^^^^^^^^^^^^^^^^^^^
OSError: [WinError 6] The handle is invalid

During handling of the above exception, another exception occurred:

Traceback (most recent call last):
  File "D:\python\chess coding\server\.venv\Lib\site-packages\billiard\pool.py", line 351, in workloop
    req = wait_for_job()
          ^^^^^^^^^^^^^^
  File "D:\python\chess coding\server\.venv\Lib\site-packages\billiard\pool.py", line 480, in receive
    raise SystemExit(EX_FAILURE)
SystemExit: 1

During handling of the above exception, another exception occurred:

Traceback (most recent call last):
  File "D:\python\chess coding\server\.venv\Lib\site-packages\billiard\pool.py", line 292, in __call__
    sys.exit(self.workloop(pid=pid))
             ^^^^^^^^^^^^^^^^^^^^^^
  File "D:\python\chess coding\server\.venv\Lib\site-packages\billiard\pool.py", line 396, in workloop
    self._ensure_messages_consumed(completed=completed)
  File "D:\python\chess coding\server\.venv\Lib\site-packages\billiard\pool.py", line 406, in _ensure_messages_consumed
    if self.on_ready_counter.value >= completed:
       ^^^^^^^^^^^^^^^^^^^^^^^^^^^
  File "<string>", line 3, in getvalue
PermissionError: [WinError 5] Access is denied
[2025-12-27 17:49:27,800: ERROR/MainProcess] Process 'SpawnPoolWorker-8' pid:16896 exited with 'exitcode 1'
[2025-12-27 17:49:27,800: ERROR/MainProcess] Process 'SpawnPoolWorker-7' pid:9988 exited with 'exitcode 1'
[2025-12-27 17:49:27,801: ERROR/MainProcess] Process 'SpawnPoolWorker-6' pid:20840 exited with 'exitcode 1'
[2025-12-27 17:49:27,801: ERROR/MainProcess] Process 'SpawnPoolWorker-4' pid:21268 exited with 'exitcode 1'
[2025-12-27 17:49:27,802: ERROR/MainProcess] Process 'SpawnPoolWorker-3' pid:5524 exited with 'exitcode 1'
[2025-12-27 17:49:27,860: INFO/MainProcess] Task game.tasks.cleanup_stale_queues[1eb85be6-e6eb-4b80-a77c-69b9ca3d0d45] received
[2025-12-27 17:49:27,862: INFO/MainProcess] Task game.tasks.cleanup_stale_queues[c7eb34e6-6038-49f3-947d-6e90106b9684] received
[2025-12-27 17:49:27,869: INFO/MainProcess] Task game.tasks.cleanup_stale_queues[2300d9c7-c20f-46ab-a2f3-715604d7be29] received
[2025-12-27 17:49:27,872: INFO/MainProcess] Task game.tasks.cleanup_stale_queues[abc1b331-68b0-4ecf-a9d4-a4dec351d1e6] received
[2025-12-27 17:49:27,875: INFO/MainProcess] Task game.tasks.cleanup_stale_queues[ca9f386c-7e31-4b50-bce2-065e55e8df6a] received
[2025-12-27 17:49:28,727: INFO/SpawnPoolWorker-10] child process 17712 calling self.run()
[2025-12-27 17:49:28,732: INFO/SpawnPoolWorker-11] child process 22192 calling self.run()
[2025-12-27 17:49:28,732: INFO/SpawnPoolWorker-9] child process 19768 calling self.run()
[2025-12-27 17:49:28,750: INFO/SpawnPoolWorker-13] child process 17796 calling self.run()
[2025-12-27 17:49:28,753: INFO/SpawnPoolWorker-12] child process 7592 calling self.run()
[2025-12-27 17:49:31,188: ERROR/SpawnPoolWorker-10] Pool process <billiard.pool.Worker object at 0x000000000432D3D0> error: PermissionError(13, 'Access is denied', None, 5, None)
Traceback (most recent call last):
  File "D:\python\chess coding\server\.venv\Lib\site-packages\billiard\pool.py", line 473, in receive
    ready, req = _receive(1.0)
                 ^^^^^^^^^^^^^
  File "D:\python\chess coding\server\.venv\Lib\site-packages\billiard\pool.py", line 445, in _recv
    return True, loads(get_payload())
                       ^^^^^^^^^^^^^
  File "D:\python\chess coding\server\.venv\Lib\site-packages\billiard\queues.py", line 394, in get_payload
    with self._rlock:
  File "D:\python\chess coding\server\.venv\Lib\site-packages\billiard\synchronize.py", line 115, in __enter__
    return self._semlock.__enter__()
           ^^^^^^^^^^^^^^^^^^^^^^^^^
PermissionError: [WinError 5] Access is denied

During handling of the above exception, another exception occurred:

Traceback (most recent call last):
  File "D:\python\chess coding\server\.venv\Lib\site-packages\billiard\pool.py", line 351, in workloop
    req = wait_for_job()
          ^^^^^^^^^^^^^^
  File "D:\python\chess coding\server\.venv\Lib\site-packages\billiard\pool.py", line 480, in receive
    raise SystemExit(EX_FAILURE)
SystemExit: 1

During handling of the above exception, another exception occurred:

Traceback (most recent call last):
  File "D:\python\chess coding\server\.venv\Lib\site-packages\billiard\pool.py", line 292, in __call__
    sys.exit(self.workloop(pid=pid))
             ^^^^^^^^^^^^^^^^^^^^^^
  File "D:\python\chess coding\server\.venv\Lib\site-packages\billiard\pool.py", line 396, in workloop
    self._ensure_messages_consumed(completed=completed)
  File "D:\python\chess coding\server\.venv\Lib\site-packages\billiard\pool.py", line 406, in _ensure_messages_consumed
    if self.on_ready_counter.value >= completed:
       ^^^^^^^^^^^^^^^^^^^^^^^^^^^
  File "<string>", line 3, in getvalue
PermissionError: [WinError 5] Access is denied
[2025-12-27 17:49:31,188: ERROR/SpawnPoolWorker-10] Pool process <billiard.pool.Worker object at 0x000000000432D3D0> error: PermissionError(13, 'Access is denied', None, 5, None)
Traceback (most recent call last):
  File "D:\python\chess coding\server\.venv\Lib\site-packages\billiard\pool.py", line 473, in receive
    ready, req = _receive(1.0)
                 ^^^^^^^^^^^^^
  File "D:\python\chess coding\server\.venv\Lib\site-packages\billiard\pool.py", line 445, in _recv
    return True, loads(get_payload())
                       ^^^^^^^^^^^^^
  File "D:\python\chess coding\server\.venv\Lib\site-packages\billiard\queues.py", line 394, in get_payload
    with self._rlock:
  File "D:\python\chess coding\server\.venv\Lib\site-packages\billiard\synchronize.py", line 115, in __enter__
    return self._semlock.__enter__()
           ^^^^^^^^^^^^^^^^^^^^^^^^^
PermissionError: [WinError 5] Access is denied

During handling of the above exception, another exception occurred:

Traceback (most recent call last):
  File "D:\python\chess coding\server\.venv\Lib\site-packages\billiard\pool.py", line 351, in workloop
    req = wait_for_job()
          ^^^^^^^^^^^^^^
  File "D:\python\chess coding\server\.venv\Lib\site-packages\billiard\pool.py", line 480, in receive
    raise SystemExit(EX_FAILURE)
SystemExit: 1

During handling of the above exception, another exception occurred:

Traceback (most recent call last):
  File "D:\python\chess coding\server\.venv\Lib\site-packages\billiard\pool.py", line 292, in __call__
    sys.exit(self.workloop(pid=pid))
             ^^^^^^^^^^^^^^^^^^^^^^
  File "D:\python\chess coding\server\.venv\Lib\site-packages\billiard\pool.py", line 396, in workloop
    self._ensure_messages_consumed(completed=completed)
  File "D:\python\chess coding\server\.venv\Lib\site-packages\billiard\pool.py", line 406, in _ensure_messages_consumed
    if self.on_ready_counter.value >= completed:
       ^^^^^^^^^^^^^^^^^^^^^^^^^^^
  File "<string>", line 3, in getvalue
PermissionError: [WinError 5] Access is denied
[2025-12-27 17:49:31,219: ERROR/SpawnPoolWorker-13] Pool process <billiard.pool.Worker object at 0x0000000004C1D820> error: PermissionError(13, 'Access is denied', None, 5, None)
Traceback (most recent call last):
  File "D:\python\chess coding\server\.venv\Lib\site-packages\billiard\pool.py", line 473, in receive
    ready, req = _receive(1.0)
                 ^^^^^^^^^^^^^
  File "D:\python\chess coding\server\.venv\Lib\site-packages\billiard\pool.py", line 445, in _recv
    return True, loads(get_payload())
                       ^^^^^^^^^^^^^
  File "D:\python\chess coding\server\.venv\Lib\site-packages\billiard\queues.py", line 394, in get_payload
    with self._rlock:
  File "D:\python\chess coding\server\.venv\Lib\site-packages\billiard\synchronize.py", line 118, in __exit__
    return self._semlock.__exit__(*args)
           ^^^^^^^^^^^^^^^^^^^^^^^^^^^^^
OSError: [WinError 6] The handle is invalid

During handling of the above exception, another exception occurred:

Traceback (most recent call last):
  File "D:\python\chess coding\server\.venv\Lib\site-packages\billiard\pool.py", line 351, in workloop
    req = wait_for_job()
          ^^^^^^^^^^^^^^
  File "D:\python\chess coding\server\.venv\Lib\site-packages\billiard\pool.py", line 480, in receive
    raise SystemExit(EX_FAILURE)
SystemExit: 1

During handling of the above exception, another exception occurred:

Traceback (most recent call last):
  File "D:\python\chess coding\server\.venv\Lib\site-packages\billiard\pool.py", line 292, in __call__
    sys.exit(self.workloop(pid=pid))
             ^^^^^^^^^^^^^^^^^^^^^^
  File "D:\python\chess coding\server\.venv\Lib\site-packages\billiard\pool.py", line 396, in workloop
    self._ensure_messages_consumed(completed=completed)
  File "D:\python\chess coding\server\.venv\Lib\site-packages\billiard\pool.py", line 406, in _ensure_messages_consumed
    if self.on_ready_counter.value >= completed:
       ^^^^^^^^^^^^^^^^^^^^^^^^^^^
  File "<string>", line 3, in getvalue
PermissionError: [WinError 5] Access is denied
[2025-12-27 17:49:31,219: ERROR/SpawnPoolWorker-13] Pool process <billiard.pool.Worker object at 0x0000000004C1D820> error: PermissionError(13, 'Access is denied', None, 5, None)
Traceback (most recent call last):
  File "D:\python\chess coding\server\.venv\Lib\site-packages\billiard\pool.py", line 473, in receive
    ready, req = _receive(1.0)
                 ^^^^^^^^^^^^^
  File "D:\python\chess coding\server\.venv\Lib\site-packages\billiard\pool.py", line 445, in _recv
    return True, loads(get_payload())
                       ^^^^^^^^^^^^^
  File "D:\python\chess coding\server\.venv\Lib\site-packages\billiard\queues.py", line 394, in get_payload
    with self._rlock:
  File "D:\python\chess coding\server\.venv\Lib\site-packages\billiard\synchronize.py", line 118, in __exit__
    return self._semlock.__exit__(*args)
           ^^^^^^^^^^^^^^^^^^^^^^^^^^^^^
OSError: [WinError 6] The handle is invalid

During handling of the above exception, another exception occurred:

Traceback (most recent call last):
  File "D:\python\chess coding\server\.venv\Lib\site-packages\billiard\pool.py", line 351, in workloop
    req = wait_for_job()
          ^^^^^^^^^^^^^^
  File "D:\python\chess coding\server\.venv\Lib\site-packages\billiard\pool.py", line 480, in receive
    raise SystemExit(EX_FAILURE)
SystemExit: 1

During handling of the above exception, another exception occurred:

Traceback (most recent call last):
  File "D:\python\chess coding\server\.venv\Lib\site-packages\billiard\pool.py", line 292, in __call__
    sys.exit(self.workloop(pid=pid))
             ^^^^^^^^^^^^^^^^^^^^^^
  File "D:\python\chess coding\server\.venv\Lib\site-packages\billiard\pool.py", line 396, in workloop
    self._ensure_messages_consumed(completed=completed)
  File "D:\python\chess coding\server\.venv\Lib\site-packages\billiard\pool.py", line 406, in _ensure_messages_consumed
    if self.on_ready_counter.value >= completed:
       ^^^^^^^^^^^^^^^^^^^^^^^^^^^
  File "<string>", line 3, in getvalue
PermissionError: [WinError 5] Access is denied
[2025-12-27 17:49:31,860: ERROR/MainProcess] Process 'SpawnPoolWorker-13' pid:20596 exited with 'exitcode 1'
[2025-12-27 17:49:31,861: ERROR/MainProcess] Process 'SpawnPoolWorker-10' pid:21672 exited with 'exitcode 1'
[2025-12-27 17:49:31,881: INFO/MainProcess] Task game.tasks.cleanup_stale_queues[7a9d7be8-697d-42b5-aed4-9b793d670829] received
[2025-12-27 17:49:31,884: INFO/MainProcess] Task game.tasks.cleanup_stale_queues[24324f73-09c5-459e-8fcd-66100a53aea6] received
[2025-12-27 17:49:32,695: INFO/SpawnPoolWorker-14] child process 21408 calling self.run()
[2025-12-27 17:49:32,766: INFO/SpawnPoolWorker-15] child process 9128 calling self.run()
[2025-12-27 17:49:35,068: ERROR/SpawnPoolWorker-14] Pool process <billiard.pool.Worker object at 0x0000000004305C40> error: PermissionError(13, 'Access is denied', None, 5, None)
Traceback (most recent call last):
  File "D:\python\chess coding\server\.venv\Lib\site-packages\billiard\pool.py", line 473, in receive
    ready, req = _receive(1.0)
                 ^^^^^^^^^^^^^
  File "D:\python\chess coding\server\.venv\Lib\site-packages\billiard\pool.py", line 445, in _recv
    return True, loads(get_payload())
                       ^^^^^^^^^^^^^
  File "D:\python\chess coding\server\.venv\Lib\site-packages\billiard\queues.py", line 394, in get_payload
    with self._rlock:
  File "D:\python\chess coding\server\.venv\Lib\site-packages\billiard\synchronize.py", line 115, in __enter__
    return self._semlock.__enter__()
           ^^^^^^^^^^^^^^^^^^^^^^^^^
PermissionError: [WinError 5] Access is denied

During handling of the above exception, another exception occurred:

Traceback (most recent call last):
  File "D:\python\chess coding\server\.venv\Lib\site-packages\billiard\pool.py", line 351, in workloop
    req = wait_for_job()
          ^^^^^^^^^^^^^^
  File "D:\python\chess coding\server\.venv\Lib\site-packages\billiard\pool.py", line 480, in receive
    raise SystemExit(EX_FAILURE)
SystemExit: 1

During handling of the above exception, another exception occurred:

Traceback (most recent call last):
  File "D:\python\chess coding\server\.venv\Lib\site-packages\billiard\pool.py", line 292, in __call__
    sys.exit(self.workloop(pid=pid))
             ^^^^^^^^^^^^^^^^^^^^^^
  File "D:\python\chess coding\server\.venv\Lib\site-packages\billiard\pool.py", line 396, in workloop
    self._ensure_messages_consumed(completed=completed)
  File "D:\python\chess coding\server\.venv\Lib\site-packages\billiard\pool.py", line 406, in _ensure_messages_consumed
    if self.on_ready_counter.value >= completed:
       ^^^^^^^^^^^^^^^^^^^^^^^^^^^
  File "<string>", line 3, in getvalue
PermissionError: [WinError 5] Access is denied
[2025-12-27 17:49:35,068: ERROR/SpawnPoolWorker-14] Pool process <billiard.pool.Worker object at 0x0000000004305C40> error: PermissionError(13, 'Access is denied', None, 5, None)
Traceback (most recent call last):
  File "D:\python\chess coding\server\.venv\Lib\site-packages\billiard\pool.py", line 473, in receive
    ready, req = _receive(1.0)
                 ^^^^^^^^^^^^^
  File "D:\python\chess coding\server\.venv\Lib\site-packages\billiard\pool.py", line 445, in _recv
    return True, loads(get_payload())
                       ^^^^^^^^^^^^^
  File "D:\python\chess coding\server\.venv\Lib\site-packages\billiard\queues.py", line 394, in get_payload
    with self._rlock:
  File "D:\python\chess coding\server\.venv\Lib\site-packages\billiard\synchronize.py", line 115, in __enter__
    return self._semlock.__enter__()
           ^^^^^^^^^^^^^^^^^^^^^^^^^
PermissionError: [WinError 5] Access is denied

During handling of the above exception, another exception occurred:

Traceback (most recent call last):
  File "D:\python\chess coding\server\.venv\Lib\site-packages\billiard\pool.py", line 351, in workloop
    req = wait_for_job()
          ^^^^^^^^^^^^^^
  File "D:\python\chess coding\server\.venv\Lib\site-packages\billiard\pool.py", line 480, in receive
    raise SystemExit(EX_FAILURE)
SystemExit: 1

During handling of the above exception, another exception occurred:

Traceback (most recent call last):
  File "D:\python\chess coding\server\.venv\Lib\site-packages\billiard\pool.py", line 292, in __call__
    sys.exit(self.workloop(pid=pid))
             ^^^^^^^^^^^^^^^^^^^^^^
  File "D:\python\chess coding\server\.venv\Lib\site-packages\billiard\pool.py", line 396, in workloop
    self._ensure_messages_consumed(completed=completed)
  File "D:\python\chess coding\server\.venv\Lib\site-packages\billiard\pool.py", line 406, in _ensure_messages_consumed
    if self.on_ready_counter.value >= completed:
       ^^^^^^^^^^^^^^^^^^^^^^^^^^^
  File "<string>", line 3, in getvalue
PermissionError: [WinError 5] Access is denied
[2025-12-27 17:49:35,881: ERROR/MainProcess] Process 'SpawnPoolWorker-14' pid:4548 exited with 'exitcode 1'
[2025-12-27 17:49:35,894: INFO/MainProcess] Task game.tasks.cleanup_stale_queues[afeed328-2054-44de-9ac6-bfddb6c1e526] received
[2025-12-27 17:49:36,563: INFO/SpawnPoolWorker-16] child process 9488 calling self.run()
[2025-12-27 17:49:38,314: ERROR/SpawnPoolWorker-16] Pool process <billiard.pool.Worker object at 0x000000000438D160> error: PermissionError(13, 'Access is denied', None, 5, None)
Traceback (most recent call last):
  File "D:\python\chess coding\server\.venv\Lib\site-packages\billiard\pool.py", line 473, in receive
    ready, req = _receive(1.0)
                 ^^^^^^^^^^^^^
  File "D:\python\chess coding\server\.venv\Lib\site-packages\billiard\pool.py", line 445, in _recv
    return True, loads(get_payload())
                       ^^^^^^^^^^^^^
  File "D:\python\chess coding\server\.venv\Lib\site-packages\billiard\queues.py", line 394, in get_payload
    with self._rlock:
  File "D:\python\chess coding\server\.venv\Lib\site-packages\billiard\synchronize.py", line 115, in __enter__
    return self._semlock.__enter__()
           ^^^^^^^^^^^^^^^^^^^^^^^^^
PermissionError: [WinError 5] Access is denied

During handling of the above exception, another exception occurred:

Traceback (most recent call last):
  File "D:\python\chess coding\server\.venv\Lib\site-packages\billiard\pool.py", line 351, in workloop
    req = wait_for_job()
          ^^^^^^^^^^^^^^
  File "D:\python\chess coding\server\.venv\Lib\site-packages\billiard\pool.py", line 480, in receive
    raise SystemExit(EX_FAILURE)
SystemExit: 1

During handling of the above exception, another exception occurred:

Traceback (most recent call last):
  File "D:\python\chess coding\server\.venv\Lib\site-packages\billiard\pool.py", line 292, in __call__
    sys.exit(self.workloop(pid=pid))
             ^^^^^^^^^^^^^^^^^^^^^^
  File "D:\python\chess coding\server\.venv\Lib\site-packages\billiard\pool.py", line 396, in workloop
    self._ensure_messages_consumed(completed=completed)
  File "D:\python\chess coding\server\.venv\Lib\site-packages\billiard\pool.py", line 406, in _ensure_messages_consumed
    if self.on_ready_counter.value >= completed:
       ^^^^^^^^^^^^^^^^^^^^^^^^^^^
  File "<string>", line 3, in getvalue
PermissionError: [WinError 5] Access is denied
[2025-12-27 17:49:38,314: ERROR/SpawnPoolWorker-16] Pool process <billiard.pool.Worker object at 0x000000000438D160> error: PermissionError(13, 'Access is denied', None, 5, None)
Traceback (most recent call last):
  File "D:\python\chess coding\server\.venv\Lib\site-packages\billiard\pool.py", line 473, in receive
    ready, req = _receive(1.0)
                 ^^^^^^^^^^^^^
  File "D:\python\chess coding\server\.venv\Lib\site-packages\billiard\pool.py", line 445, in _recv
    return True, loads(get_payload())
                       ^^^^^^^^^^^^^
  File "D:\python\chess coding\server\.venv\Lib\site-packages\billiard\queues.py", line 394, in get_payload
    with self._rlock:
  File "D:\python\chess coding\server\.venv\Lib\site-packages\billiard\synchronize.py", line 115, in __enter__
    return self._semlock.__enter__()
           ^^^^^^^^^^^^^^^^^^^^^^^^^
PermissionError: [WinError 5] Access is denied

During handling of the above exception, another exception occurred:

Traceback (most recent call last):
  File "D:\python\chess coding\server\.venv\Lib\site-packages\billiard\pool.py", line 351, in workloop
    req = wait_for_job()
          ^^^^^^^^^^^^^^
  File "D:\python\chess coding\server\.venv\Lib\site-packages\billiard\pool.py", line 480, in receive
    raise SystemExit(EX_FAILURE)
SystemExit: 1

During handling of the above exception, another exception occurred:

Traceback (most recent call last):
  File "D:\python\chess coding\server\.venv\Lib\site-packages\billiard\pool.py", line 292, in __call__
    sys.exit(self.workloop(pid=pid))
             ^^^^^^^^^^^^^^^^^^^^^^
  File "D:\python\chess coding\server\.venv\Lib\site-packages\billiard\pool.py", line 396, in workloop
    self._ensure_messages_consumed(completed=completed)
  File "D:\python\chess coding\server\.venv\Lib\site-packages\billiard\pool.py", line 406, in _ensure_messages_consumed
    if self.on_ready_counter.value >= completed:
       ^^^^^^^^^^^^^^^^^^^^^^^^^^^
  File "<string>", line 3, in getvalue
PermissionError: [WinError 5] Access is denied
[2025-12-27 17:49:39,093: ERROR/MainProcess] Process 'SpawnPoolWorker-16' pid:2416 exited with 'exitcode 1'
[2025-12-27 17:49:39,099: INFO/MainProcess] Task game.tasks.cleanup_stale_queues[6ac2b3fb-c603-4a1b-9ef9-9dab8ffd0951] received
[2025-12-27 17:49:39,879: INFO/SpawnPoolWorker-17] child process 17584 calling self.run()
[2025-12-27 17:49:41,788: ERROR/SpawnPoolWorker-17] Pool process <billiard.pool.Worker object at 0x00000000042F5C40> error: PermissionError(13, 'Access is denied', None, 5, None)
Traceback (most recent call last):
  File "D:\python\chess coding\server\.venv\Lib\site-packages\billiard\pool.py", line 473, in receive
    ready, req = _receive(1.0)
                 ^^^^^^^^^^^^^
  File "D:\python\chess coding\server\.venv\Lib\site-packages\billiard\pool.py", line 445, in _recv
    return True, loads(get_payload())
                       ^^^^^^^^^^^^^
  File "D:\python\chess coding\server\.venv\Lib\site-packages\billiard\queues.py", line 394, in get_payload
    with self._rlock:
  File "D:\python\chess coding\server\.venv\Lib\site-packages\billiard\synchronize.py", line 115, in __enter__
    return self._semlock.__enter__()
           ^^^^^^^^^^^^^^^^^^^^^^^^^
PermissionError: [WinError 5] Access is denied

During handling of the above exception, another exception occurred:

Traceback (most recent call last):
  File "D:\python\chess coding\server\.venv\Lib\site-packages\billiard\pool.py", line 351, in workloop
    req = wait_for_job()
          ^^^^^^^^^^^^^^
  File "D:\python\chess coding\server\.venv\Lib\site-packages\billiard\pool.py", line 480, in receive
    raise SystemExit(EX_FAILURE)
SystemExit: 1

During handling of the above exception, another exception occurred:

Traceback (most recent call last):
  File "D:\python\chess coding\server\.venv\Lib\site-packages\billiard\pool.py", line 292, in __call__
    sys.exit(self.workloop(pid=pid))
             ^^^^^^^^^^^^^^^^^^^^^^
  File "D:\python\chess coding\server\.venv\Lib\site-packages\billiard\pool.py", line 396, in workloop
    self._ensure_messages_consumed(completed=completed)
  File "D:\python\chess coding\server\.venv\Lib\site-packages\billiard\pool.py", line 406, in _ensure_messages_consumed
    if self.on_ready_counter.value >= completed:
       ^^^^^^^^^^^^^^^^^^^^^^^^^^^
  File "<string>", line 3, in getvalue
PermissionError: [WinError 5] Access is denied
[2025-12-27 17:49:41,788: ERROR/SpawnPoolWorker-17] Pool process <billiard.pool.Worker object at 0x00000000042F5C40> error: PermissionError(13, 'Access is denied', None, 5, None)
Traceback (most recent call last):
  File "D:\python\chess coding\server\.venv\Lib\site-packages\billiard\pool.py", line 473, in receive
    ready, req = _receive(1.0)
                 ^^^^^^^^^^^^^
  File "D:\python\chess coding\server\.venv\Lib\site-packages\billiard\pool.py", line 445, in _recv
    return True, loads(get_payload())
                       ^^^^^^^^^^^^^
  File "D:\python\chess coding\server\.venv\Lib\site-packages\billiard\queues.py", line 394, in get_payload
    with self._rlock:
  File "D:\python\chess coding\server\.venv\Lib\site-packages\billiard\synchronize.py", line 115, in __enter__
    return self._semlock.__enter__()
           ^^^^^^^^^^^^^^^^^^^^^^^^^
PermissionError: [WinError 5] Access is denied

During handling of the above exception, another exception occurred:

Traceback (most recent call last):
  File "D:\python\chess coding\server\.venv\Lib\site-packages\billiard\pool.py", line 351, in workloop
    req = wait_for_job()
          ^^^^^^^^^^^^^^
  File "D:\python\chess coding\server\.venv\Lib\site-packages\billiard\pool.py", line 480, in receive
    raise SystemExit(EX_FAILURE)
SystemExit: 1

During handling of the above exception, another exception occurred:

Traceback (most recent call last):
  File "D:\python\chess coding\server\.venv\Lib\site-packages\billiard\pool.py", line 292, in __call__
    sys.exit(self.workloop(pid=pid))
             ^^^^^^^^^^^^^^^^^^^^^^
  File "D:\python\chess coding\server\.venv\Lib\site-packages\billiard\pool.py", line 396, in workloop
    self._ensure_messages_consumed(completed=completed)
  File "D:\python\chess coding\server\.venv\Lib\site-packages\billiard\pool.py", line 406, in _ensure_messages_consumed
    if self.on_ready_counter.value >= completed:
       ^^^^^^^^^^^^^^^^^^^^^^^^^^^
  File "<string>", line 3, in getvalue
PermissionError: [WinError 5] Access is denied
[2025-12-27 17:49:42,300: ERROR/MainProcess] Process 'SpawnPoolWorker-17' pid:19416 exited with 'exitcode 1'
[2025-12-27 17:49:42,312: INFO/MainProcess] Task game.tasks.cleanup_stale_queues[994ebad4-41e9-4ad5-9f36-53ead057223e] received
[2025-12-27 17:49:42,992: INFO/SpawnPoolWorker-18] child process 22328 calling self.run()
